[2025-02-23T00:22:16.590+0000] {processor.py:161} INFO - Started process (PID=711) to work on /opt/airflow/dags/opentaxetl.py
[2025-02-23T00:22:16.591+0000] {processor.py:830} INFO - Processing file /opt/airflow/dags/opentaxetl.py for tasks to queue
[2025-02-23T00:22:16.596+0000] {logging_mixin.py:188} INFO - [2025-02-23T00:22:16.595+0000] {dagbag.py:545} INFO - Filling up the DagBag from /opt/airflow/dags/opentaxetl.py
[2025-02-23T00:22:16.646+0000] {processor.py:840} INFO - DAG(s) 'user_processing' retrieved from /opt/airflow/dags/opentaxetl.py
[2025-02-23T00:22:16.988+0000] {logging_mixin.py:188} INFO - [2025-02-23T00:22:16.988+0000] {override.py:1858} INFO - Created Permission View: can delete on DAG:user_processing
[2025-02-23T00:22:16.995+0000] {logging_mixin.py:188} INFO - [2025-02-23T00:22:16.995+0000] {override.py:1858} INFO - Created Permission View: can read on DAG:user_processing
[2025-02-23T00:22:16.999+0000] {logging_mixin.py:188} INFO - [2025-02-23T00:22:16.999+0000] {override.py:1858} INFO - Created Permission View: can edit on DAG:user_processing
[2025-02-23T00:22:16.999+0000] {logging_mixin.py:188} INFO - [2025-02-23T00:22:16.999+0000] {dag.py:3089} INFO - Sync 1 DAGs
[2025-02-23T00:22:17.019+0000] {logging_mixin.py:188} INFO - [2025-02-23T00:22:17.019+0000] {dag.py:3111} INFO - Creating ORM DAG for user_processing
[2025-02-23T00:22:17.032+0000] {logging_mixin.py:188} INFO - [2025-02-23T00:22:17.032+0000] {dag.py:3947} INFO - Setting next_dagrun for user_processing to 2025-02-22 00:00:00+00:00, run_after=2025-02-23 00:00:00+00:00
[2025-02-23T00:22:17.045+0000] {processor.py:183} INFO - Processing /opt/airflow/dags/opentaxetl.py took 0.476 seconds
[2025-02-23T00:22:25.694+0000] {processor.py:161} INFO - Started process (PID=716) to work on /opt/airflow/dags/opentaxetl.py
[2025-02-23T00:22:25.696+0000] {processor.py:830} INFO - Processing file /opt/airflow/dags/opentaxetl.py for tasks to queue
[2025-02-23T00:22:25.699+0000] {logging_mixin.py:188} INFO - [2025-02-23T00:22:25.699+0000] {dagbag.py:545} INFO - Filling up the DagBag from /opt/airflow/dags/opentaxetl.py
[2025-02-23T00:22:25.747+0000] {processor.py:840} INFO - DAG(s) 'user_processing' retrieved from /opt/airflow/dags/opentaxetl.py
[2025-02-23T00:22:25.786+0000] {logging_mixin.py:188} INFO - [2025-02-23T00:22:25.785+0000] {dag.py:3089} INFO - Sync 1 DAGs
[2025-02-23T00:22:25.831+0000] {logging_mixin.py:188} INFO - [2025-02-23T00:22:25.830+0000] {dag.py:3947} INFO - Setting next_dagrun for user_processing to 2025-02-22 00:00:00+00:00, run_after=2025-02-23 00:00:00+00:00
[2025-02-23T00:22:25.850+0000] {processor.py:183} INFO - Processing /opt/airflow/dags/opentaxetl.py took 0.172 seconds
[2025-02-23T00:22:56.012+0000] {processor.py:161} INFO - Started process (PID=727) to work on /opt/airflow/dags/opentaxetl.py
[2025-02-23T00:22:56.014+0000] {processor.py:830} INFO - Processing file /opt/airflow/dags/opentaxetl.py for tasks to queue
[2025-02-23T00:22:56.020+0000] {logging_mixin.py:188} INFO - [2025-02-23T00:22:56.019+0000] {dagbag.py:545} INFO - Filling up the DagBag from /opt/airflow/dags/opentaxetl.py
[2025-02-23T00:22:56.059+0000] {processor.py:840} INFO - DAG(s) 'user_processing' retrieved from /opt/airflow/dags/opentaxetl.py
[2025-02-23T00:22:56.094+0000] {logging_mixin.py:188} INFO - [2025-02-23T00:22:56.094+0000] {dag.py:3089} INFO - Sync 1 DAGs
[2025-02-23T00:22:56.126+0000] {logging_mixin.py:188} INFO - [2025-02-23T00:22:56.125+0000] {dag.py:3947} INFO - Setting next_dagrun for user_processing to 2025-02-22 00:00:00+00:00, run_after=2025-02-23 00:00:00+00:00
[2025-02-23T00:22:56.142+0000] {processor.py:183} INFO - Processing /opt/airflow/dags/opentaxetl.py took 0.143 seconds
[2025-02-23T00:23:07.296+0000] {processor.py:161} INFO - Started process (PID=738) to work on /opt/airflow/dags/opentaxetl.py
[2025-02-23T00:23:07.298+0000] {processor.py:830} INFO - Processing file /opt/airflow/dags/opentaxetl.py for tasks to queue
[2025-02-23T00:23:07.303+0000] {logging_mixin.py:188} INFO - [2025-02-23T00:23:07.303+0000] {dagbag.py:545} INFO - Filling up the DagBag from /opt/airflow/dags/opentaxetl.py
[2025-02-23T00:23:07.335+0000] {processor.py:840} INFO - DAG(s) 'open_tax_etl' retrieved from /opt/airflow/dags/opentaxetl.py
[2025-02-23T00:23:07.490+0000] {logging_mixin.py:188} INFO - [2025-02-23T00:23:07.489+0000] {override.py:1858} INFO - Created Permission View: can delete on DAG:open_tax_etl
[2025-02-23T00:23:07.496+0000] {logging_mixin.py:188} INFO - [2025-02-23T00:23:07.495+0000] {override.py:1858} INFO - Created Permission View: can read on DAG:open_tax_etl
[2025-02-23T00:23:07.499+0000] {logging_mixin.py:188} INFO - [2025-02-23T00:23:07.499+0000] {override.py:1858} INFO - Created Permission View: can edit on DAG:open_tax_etl
[2025-02-23T00:23:07.499+0000] {logging_mixin.py:188} INFO - [2025-02-23T00:23:07.499+0000] {dag.py:3089} INFO - Sync 1 DAGs
[2025-02-23T00:23:07.508+0000] {logging_mixin.py:188} INFO - [2025-02-23T00:23:07.508+0000] {dag.py:3111} INFO - Creating ORM DAG for open_tax_etl
[2025-02-23T00:23:07.518+0000] {logging_mixin.py:188} INFO - [2025-02-23T00:23:07.518+0000] {dag.py:3947} INFO - Setting next_dagrun for open_tax_etl to 2025-02-22 00:00:00+00:00, run_after=2025-02-23 00:00:00+00:00
[2025-02-23T00:23:07.529+0000] {processor.py:183} INFO - Processing /opt/airflow/dags/opentaxetl.py took 0.247 seconds
[2025-02-23T00:23:37.606+0000] {processor.py:161} INFO - Started process (PID=749) to work on /opt/airflow/dags/opentaxetl.py
[2025-02-23T00:23:37.616+0000] {processor.py:830} INFO - Processing file /opt/airflow/dags/opentaxetl.py for tasks to queue
[2025-02-23T00:23:37.631+0000] {logging_mixin.py:188} INFO - [2025-02-23T00:23:37.630+0000] {dagbag.py:545} INFO - Filling up the DagBag from /opt/airflow/dags/opentaxetl.py
[2025-02-23T00:23:37.656+0000] {processor.py:840} INFO - DAG(s) 'open_tax_etl' retrieved from /opt/airflow/dags/opentaxetl.py
[2025-02-23T00:23:37.689+0000] {logging_mixin.py:188} INFO - [2025-02-23T00:23:37.689+0000] {dag.py:3089} INFO - Sync 1 DAGs
[2025-02-23T00:23:37.714+0000] {logging_mixin.py:188} INFO - [2025-02-23T00:23:37.714+0000] {dag.py:3947} INFO - Setting next_dagrun for open_tax_etl to 2025-02-22 00:00:00+00:00, run_after=2025-02-23 00:00:00+00:00
[2025-02-23T00:23:37.731+0000] {processor.py:183} INFO - Processing /opt/airflow/dags/opentaxetl.py took 0.139 seconds
[2025-02-23T00:24:07.916+0000] {processor.py:161} INFO - Started process (PID=760) to work on /opt/airflow/dags/opentaxetl.py
[2025-02-23T00:24:07.917+0000] {processor.py:830} INFO - Processing file /opt/airflow/dags/opentaxetl.py for tasks to queue
[2025-02-23T00:24:07.920+0000] {logging_mixin.py:188} INFO - [2025-02-23T00:24:07.920+0000] {dagbag.py:545} INFO - Filling up the DagBag from /opt/airflow/dags/opentaxetl.py
[2025-02-23T00:24:07.941+0000] {processor.py:840} INFO - DAG(s) 'open_tax_etl' retrieved from /opt/airflow/dags/opentaxetl.py
[2025-02-23T00:24:07.966+0000] {logging_mixin.py:188} INFO - [2025-02-23T00:24:07.966+0000] {dag.py:3089} INFO - Sync 1 DAGs
[2025-02-23T00:24:08.015+0000] {logging_mixin.py:188} INFO - [2025-02-23T00:24:08.015+0000] {dag.py:3947} INFO - Setting next_dagrun for open_tax_etl to 2025-02-22 00:00:00+00:00, run_after=2025-02-23 00:00:00+00:00
[2025-02-23T00:24:08.031+0000] {processor.py:183} INFO - Processing /opt/airflow/dags/opentaxetl.py took 0.130 seconds
[2025-02-23T00:24:38.322+0000] {processor.py:161} INFO - Started process (PID=771) to work on /opt/airflow/dags/opentaxetl.py
[2025-02-23T00:24:38.324+0000] {processor.py:830} INFO - Processing file /opt/airflow/dags/opentaxetl.py for tasks to queue
[2025-02-23T00:24:38.325+0000] {logging_mixin.py:188} INFO - [2025-02-23T00:24:38.324+0000] {dagbag.py:545} INFO - Filling up the DagBag from /opt/airflow/dags/opentaxetl.py
[2025-02-23T00:24:38.349+0000] {processor.py:840} INFO - DAG(s) 'open_tax_etl' retrieved from /opt/airflow/dags/opentaxetl.py
[2025-02-23T00:24:38.373+0000] {logging_mixin.py:188} INFO - [2025-02-23T00:24:38.373+0000] {dag.py:3089} INFO - Sync 1 DAGs
[2025-02-23T00:24:38.398+0000] {logging_mixin.py:188} INFO - [2025-02-23T00:24:38.398+0000] {dag.py:3947} INFO - Setting next_dagrun for open_tax_etl to 2025-02-22 00:00:00+00:00, run_after=2025-02-23 00:00:00+00:00
[2025-02-23T00:24:38.418+0000] {processor.py:183} INFO - Processing /opt/airflow/dags/opentaxetl.py took 0.105 seconds
[2025-02-23T00:25:08.809+0000] {processor.py:161} INFO - Started process (PID=782) to work on /opt/airflow/dags/opentaxetl.py
[2025-02-23T00:25:08.810+0000] {processor.py:830} INFO - Processing file /opt/airflow/dags/opentaxetl.py for tasks to queue
[2025-02-23T00:25:08.812+0000] {logging_mixin.py:188} INFO - [2025-02-23T00:25:08.811+0000] {dagbag.py:545} INFO - Filling up the DagBag from /opt/airflow/dags/opentaxetl.py
[2025-02-23T00:25:08.840+0000] {processor.py:840} INFO - DAG(s) 'open_tax_etl' retrieved from /opt/airflow/dags/opentaxetl.py
[2025-02-23T00:25:08.877+0000] {logging_mixin.py:188} INFO - [2025-02-23T00:25:08.877+0000] {dag.py:3089} INFO - Sync 1 DAGs
[2025-02-23T00:25:08.928+0000] {logging_mixin.py:188} INFO - [2025-02-23T00:25:08.927+0000] {dag.py:3947} INFO - Setting next_dagrun for open_tax_etl to 2025-02-22 00:00:00+00:00, run_after=2025-02-23 00:00:00+00:00
[2025-02-23T00:25:08.947+0000] {processor.py:183} INFO - Processing /opt/airflow/dags/opentaxetl.py took 0.156 seconds
[2025-02-23T00:26:28.134+0000] {processor.py:161} INFO - Started process (PID=787) to work on /opt/airflow/dags/opentaxetl.py
[2025-02-23T00:26:28.136+0000] {processor.py:830} INFO - Processing file /opt/airflow/dags/opentaxetl.py for tasks to queue
[2025-02-23T00:26:28.137+0000] {logging_mixin.py:188} INFO - [2025-02-23T00:26:28.137+0000] {dagbag.py:545} INFO - Filling up the DagBag from /opt/airflow/dags/opentaxetl.py
[2025-02-23T00:26:28.151+0000] {processor.py:840} INFO - DAG(s) 'open_tax_etl' retrieved from /opt/airflow/dags/opentaxetl.py
[2025-02-23T00:26:28.167+0000] {logging_mixin.py:188} INFO - [2025-02-23T00:26:28.166+0000] {dag.py:3089} INFO - Sync 1 DAGs
[2025-02-23T00:26:28.186+0000] {logging_mixin.py:188} INFO - [2025-02-23T00:26:28.186+0000] {dag.py:3947} INFO - Setting next_dagrun for open_tax_etl to 2025-02-22 00:00:00+00:00, run_after=2025-02-23 00:00:00+00:00
[2025-02-23T00:26:28.200+0000] {processor.py:183} INFO - Processing /opt/airflow/dags/opentaxetl.py took 0.074 seconds
[2025-02-23T00:26:58.440+0000] {processor.py:161} INFO - Started process (PID=798) to work on /opt/airflow/dags/opentaxetl.py
[2025-02-23T00:26:58.443+0000] {processor.py:830} INFO - Processing file /opt/airflow/dags/opentaxetl.py for tasks to queue
[2025-02-23T00:26:58.445+0000] {logging_mixin.py:188} INFO - [2025-02-23T00:26:58.444+0000] {dagbag.py:545} INFO - Filling up the DagBag from /opt/airflow/dags/opentaxetl.py
[2025-02-23T00:26:58.486+0000] {processor.py:840} INFO - DAG(s) 'open_tax_etl' retrieved from /opt/airflow/dags/opentaxetl.py
[2025-02-23T00:26:58.515+0000] {logging_mixin.py:188} INFO - [2025-02-23T00:26:58.515+0000] {dag.py:3089} INFO - Sync 1 DAGs
[2025-02-23T00:26:58.543+0000] {logging_mixin.py:188} INFO - [2025-02-23T00:26:58.543+0000] {dag.py:3947} INFO - Setting next_dagrun for open_tax_etl to 2025-02-22 00:00:00+00:00, run_after=2025-02-23 00:00:00+00:00
[2025-02-23T00:26:58.560+0000] {processor.py:183} INFO - Processing /opt/airflow/dags/opentaxetl.py took 0.133 seconds
[2025-02-23T00:27:28.831+0000] {processor.py:161} INFO - Started process (PID=809) to work on /opt/airflow/dags/opentaxetl.py
[2025-02-23T00:27:28.832+0000] {processor.py:830} INFO - Processing file /opt/airflow/dags/opentaxetl.py for tasks to queue
[2025-02-23T00:27:28.833+0000] {logging_mixin.py:188} INFO - [2025-02-23T00:27:28.833+0000] {dagbag.py:545} INFO - Filling up the DagBag from /opt/airflow/dags/opentaxetl.py
[2025-02-23T00:27:28.875+0000] {processor.py:840} INFO - DAG(s) 'open_tax_etl' retrieved from /opt/airflow/dags/opentaxetl.py
[2025-02-23T00:27:28.906+0000] {logging_mixin.py:188} INFO - [2025-02-23T00:27:28.906+0000] {dag.py:3089} INFO - Sync 1 DAGs
[2025-02-23T00:27:28.936+0000] {logging_mixin.py:188} INFO - [2025-02-23T00:27:28.936+0000] {dag.py:3947} INFO - Setting next_dagrun for open_tax_etl to 2025-02-22 00:00:00+00:00, run_after=2025-02-23 00:00:00+00:00
[2025-02-23T00:27:28.953+0000] {processor.py:183} INFO - Processing /opt/airflow/dags/opentaxetl.py took 0.134 seconds
[2025-02-23T00:27:59.168+0000] {processor.py:161} INFO - Started process (PID=820) to work on /opt/airflow/dags/opentaxetl.py
[2025-02-23T00:27:59.177+0000] {processor.py:830} INFO - Processing file /opt/airflow/dags/opentaxetl.py for tasks to queue
[2025-02-23T00:27:59.181+0000] {logging_mixin.py:188} INFO - [2025-02-23T00:27:59.180+0000] {dagbag.py:545} INFO - Filling up the DagBag from /opt/airflow/dags/opentaxetl.py
[2025-02-23T00:27:59.206+0000] {processor.py:840} INFO - DAG(s) 'open_tax_etl' retrieved from /opt/airflow/dags/opentaxetl.py
[2025-02-23T00:27:59.231+0000] {logging_mixin.py:188} INFO - [2025-02-23T00:27:59.231+0000] {dag.py:3089} INFO - Sync 1 DAGs
[2025-02-23T00:27:59.257+0000] {logging_mixin.py:188} INFO - [2025-02-23T00:27:59.257+0000] {dag.py:3947} INFO - Setting next_dagrun for open_tax_etl to 2025-02-22 00:00:00+00:00, run_after=2025-02-23 00:00:00+00:00
[2025-02-23T00:27:59.273+0000] {processor.py:183} INFO - Processing /opt/airflow/dags/opentaxetl.py took 0.120 seconds
[2025-02-23T00:28:20.605+0000] {processor.py:161} INFO - Started process (PID=831) to work on /opt/airflow/dags/opentaxetl.py
[2025-02-23T00:28:20.608+0000] {processor.py:830} INFO - Processing file /opt/airflow/dags/opentaxetl.py for tasks to queue
[2025-02-23T00:28:20.610+0000] {logging_mixin.py:188} INFO - [2025-02-23T00:28:20.609+0000] {dagbag.py:545} INFO - Filling up the DagBag from /opt/airflow/dags/opentaxetl.py
[2025-02-23T00:28:20.670+0000] {logging_mixin.py:188} INFO - [2025-02-23T00:28:20.660+0000] {dagbag.py:355} ERROR - Failed to import: /opt/airflow/dags/opentaxetl.py
Traceback (most recent call last):
  File "/home/airflow/.local/lib/python3.12/site-packages/airflow/models/dagbag.py", line 351, in parse
    loader.exec_module(new_module)
  File "<frozen importlib._bootstrap_external>", line 995, in exec_module
  File "<frozen importlib._bootstrap>", line 488, in _call_with_frames_removed
  File "/opt/airflow/dags/opentaxetl.py", line 13, in <module>
    @task
     ^^^^
NameError: name 'task' is not defined
[2025-02-23T00:28:20.673+0000] {processor.py:842} WARNING - No viable dags retrieved from /opt/airflow/dags/opentaxetl.py
[2025-02-23T00:28:20.806+0000] {processor.py:183} INFO - Processing /opt/airflow/dags/opentaxetl.py took 0.221 seconds
[2025-02-23T00:28:51.040+0000] {processor.py:161} INFO - Started process (PID=842) to work on /opt/airflow/dags/opentaxetl.py
[2025-02-23T00:28:51.041+0000] {processor.py:830} INFO - Processing file /opt/airflow/dags/opentaxetl.py for tasks to queue
[2025-02-23T00:28:51.043+0000] {logging_mixin.py:188} INFO - [2025-02-23T00:28:51.042+0000] {dagbag.py:545} INFO - Filling up the DagBag from /opt/airflow/dags/opentaxetl.py
[2025-02-23T00:28:51.060+0000] {logging_mixin.py:188} INFO - [2025-02-23T00:28:51.057+0000] {dagbag.py:355} ERROR - Failed to import: /opt/airflow/dags/opentaxetl.py
Traceback (most recent call last):
  File "/home/airflow/.local/lib/python3.12/site-packages/airflow/models/dagbag.py", line 351, in parse
    loader.exec_module(new_module)
  File "<frozen importlib._bootstrap_external>", line 995, in exec_module
  File "<frozen importlib._bootstrap>", line 488, in _call_with_frames_removed
  File "/opt/airflow/dags/opentaxetl.py", line 13, in <module>
    @task
     ^^^^
NameError: name 'task' is not defined
[2025-02-23T00:28:51.061+0000] {processor.py:842} WARNING - No viable dags retrieved from /opt/airflow/dags/opentaxetl.py
[2025-02-23T00:28:51.091+0000] {processor.py:183} INFO - Processing /opt/airflow/dags/opentaxetl.py took 0.063 seconds
[2025-02-23T00:29:21.399+0000] {processor.py:161} INFO - Started process (PID=853) to work on /opt/airflow/dags/opentaxetl.py
[2025-02-23T00:29:21.401+0000] {processor.py:830} INFO - Processing file /opt/airflow/dags/opentaxetl.py for tasks to queue
[2025-02-23T00:29:21.403+0000] {logging_mixin.py:188} INFO - [2025-02-23T00:29:21.402+0000] {dagbag.py:545} INFO - Filling up the DagBag from /opt/airflow/dags/opentaxetl.py
[2025-02-23T00:29:21.420+0000] {logging_mixin.py:188} INFO - [2025-02-23T00:29:21.417+0000] {dagbag.py:355} ERROR - Failed to import: /opt/airflow/dags/opentaxetl.py
Traceback (most recent call last):
  File "/home/airflow/.local/lib/python3.12/site-packages/airflow/models/dagbag.py", line 351, in parse
    loader.exec_module(new_module)
  File "<frozen importlib._bootstrap_external>", line 995, in exec_module
  File "<frozen importlib._bootstrap>", line 488, in _call_with_frames_removed
  File "/opt/airflow/dags/opentaxetl.py", line 13, in <module>
    @task
     ^^^^
NameError: name 'task' is not defined
[2025-02-23T00:29:21.421+0000] {processor.py:842} WARNING - No viable dags retrieved from /opt/airflow/dags/opentaxetl.py
[2025-02-23T00:29:21.476+0000] {processor.py:183} INFO - Processing /opt/airflow/dags/opentaxetl.py took 0.088 seconds
[2025-02-23T00:29:24.503+0000] {processor.py:161} INFO - Started process (PID=858) to work on /opt/airflow/dags/opentaxetl.py
[2025-02-23T00:29:24.509+0000] {processor.py:830} INFO - Processing file /opt/airflow/dags/opentaxetl.py for tasks to queue
[2025-02-23T00:29:24.512+0000] {logging_mixin.py:188} INFO - [2025-02-23T00:29:24.511+0000] {dagbag.py:545} INFO - Filling up the DagBag from /opt/airflow/dags/opentaxetl.py
[2025-02-23T00:29:24.529+0000] {logging_mixin.py:188} INFO - [2025-02-23T00:29:24.526+0000] {dagbag.py:355} ERROR - Failed to import: /opt/airflow/dags/opentaxetl.py
Traceback (most recent call last):
  File "/home/airflow/.local/lib/python3.12/site-packages/airflow/models/dagbag.py", line 351, in parse
    loader.exec_module(new_module)
  File "<frozen importlib._bootstrap_external>", line 995, in exec_module
  File "<frozen importlib._bootstrap>", line 488, in _call_with_frames_removed
  File "/opt/airflow/dags/opentaxetl.py", line 6, in <module>
    @task
     ^^^^
NameError: name 'task' is not defined
[2025-02-23T00:29:24.530+0000] {processor.py:842} WARNING - No viable dags retrieved from /opt/airflow/dags/opentaxetl.py
[2025-02-23T00:29:24.593+0000] {processor.py:183} INFO - Processing /opt/airflow/dags/opentaxetl.py took 0.105 seconds
[2025-02-23T00:29:54.842+0000] {processor.py:161} INFO - Started process (PID=869) to work on /opt/airflow/dags/opentaxetl.py
[2025-02-23T00:29:54.843+0000] {processor.py:830} INFO - Processing file /opt/airflow/dags/opentaxetl.py for tasks to queue
[2025-02-23T00:29:54.846+0000] {logging_mixin.py:188} INFO - [2025-02-23T00:29:54.845+0000] {dagbag.py:545} INFO - Filling up the DagBag from /opt/airflow/dags/opentaxetl.py
[2025-02-23T00:29:54.855+0000] {logging_mixin.py:188} INFO - [2025-02-23T00:29:54.852+0000] {dagbag.py:355} ERROR - Failed to import: /opt/airflow/dags/opentaxetl.py
Traceback (most recent call last):
  File "/home/airflow/.local/lib/python3.12/site-packages/airflow/models/dagbag.py", line 351, in parse
    loader.exec_module(new_module)
  File "<frozen importlib._bootstrap_external>", line 995, in exec_module
  File "<frozen importlib._bootstrap>", line 488, in _call_with_frames_removed
  File "/opt/airflow/dags/opentaxetl.py", line 6, in <module>
    @task
     ^^^^
NameError: name 'task' is not defined
[2025-02-23T00:29:54.856+0000] {processor.py:842} WARNING - No viable dags retrieved from /opt/airflow/dags/opentaxetl.py
[2025-02-23T00:29:54.878+0000] {processor.py:183} INFO - Processing /opt/airflow/dags/opentaxetl.py took 0.047 seconds
[2025-02-23T00:30:25.200+0000] {processor.py:161} INFO - Started process (PID=880) to work on /opt/airflow/dags/opentaxetl.py
[2025-02-23T00:30:25.202+0000] {processor.py:830} INFO - Processing file /opt/airflow/dags/opentaxetl.py for tasks to queue
[2025-02-23T00:30:25.205+0000] {logging_mixin.py:188} INFO - [2025-02-23T00:30:25.204+0000] {dagbag.py:545} INFO - Filling up the DagBag from /opt/airflow/dags/opentaxetl.py
[2025-02-23T00:30:25.212+0000] {logging_mixin.py:188} INFO - [2025-02-23T00:30:25.210+0000] {dagbag.py:355} ERROR - Failed to import: /opt/airflow/dags/opentaxetl.py
Traceback (most recent call last):
  File "/home/airflow/.local/lib/python3.12/site-packages/airflow/models/dagbag.py", line 351, in parse
    loader.exec_module(new_module)
  File "<frozen importlib._bootstrap_external>", line 995, in exec_module
  File "<frozen importlib._bootstrap>", line 488, in _call_with_frames_removed
  File "/opt/airflow/dags/opentaxetl.py", line 6, in <module>
    @task
     ^^^^
NameError: name 'task' is not defined
[2025-02-23T00:30:25.213+0000] {processor.py:842} WARNING - No viable dags retrieved from /opt/airflow/dags/opentaxetl.py
[2025-02-23T00:30:25.244+0000] {processor.py:183} INFO - Processing /opt/airflow/dags/opentaxetl.py took 0.061 seconds
[2025-02-23T00:30:30.314+0000] {processor.py:161} INFO - Started process (PID=885) to work on /opt/airflow/dags/opentaxetl.py
[2025-02-23T00:30:30.320+0000] {processor.py:830} INFO - Processing file /opt/airflow/dags/opentaxetl.py for tasks to queue
[2025-02-23T00:30:30.321+0000] {logging_mixin.py:188} INFO - [2025-02-23T00:30:30.321+0000] {dagbag.py:545} INFO - Filling up the DagBag from /opt/airflow/dags/opentaxetl.py
[2025-02-23T00:30:32.395+0000] {logging_mixin.py:188} INFO - [2025-02-23T00:30:32.393+0000] {dagbag.py:355} ERROR - Failed to import: /opt/airflow/dags/opentaxetl.py
Traceback (most recent call last):
  File "/home/airflow/.local/lib/python3.12/site-packages/airflow/models/dagbag.py", line 351, in parse
    loader.exec_module(new_module)
  File "<frozen importlib._bootstrap_external>", line 995, in exec_module
  File "<frozen importlib._bootstrap>", line 488, in _call_with_frames_removed
  File "/opt/airflow/dags/opentaxetl.py", line 7, in <module>
    @task
     ^^^^
NameError: name 'task' is not defined
[2025-02-23T00:30:32.396+0000] {processor.py:842} WARNING - No viable dags retrieved from /opt/airflow/dags/opentaxetl.py
[2025-02-23T00:30:32.417+0000] {processor.py:183} INFO - Processing /opt/airflow/dags/opentaxetl.py took 2.127 seconds
[2025-02-23T00:31:02.661+0000] {processor.py:161} INFO - Started process (PID=897) to work on /opt/airflow/dags/opentaxetl.py
[2025-02-23T00:31:02.663+0000] {processor.py:830} INFO - Processing file /opt/airflow/dags/opentaxetl.py for tasks to queue
[2025-02-23T00:31:02.666+0000] {logging_mixin.py:188} INFO - [2025-02-23T00:31:02.665+0000] {dagbag.py:545} INFO - Filling up the DagBag from /opt/airflow/dags/opentaxetl.py
[2025-02-23T00:31:03.002+0000] {logging_mixin.py:188} INFO - [2025-02-23T00:31:02.999+0000] {dagbag.py:355} ERROR - Failed to import: /opt/airflow/dags/opentaxetl.py
Traceback (most recent call last):
  File "/home/airflow/.local/lib/python3.12/site-packages/airflow/models/dagbag.py", line 351, in parse
    loader.exec_module(new_module)
  File "<frozen importlib._bootstrap_external>", line 995, in exec_module
  File "<frozen importlib._bootstrap>", line 488, in _call_with_frames_removed
  File "/opt/airflow/dags/opentaxetl.py", line 7, in <module>
    @task
     ^^^^
NameError: name 'task' is not defined
[2025-02-23T00:31:03.003+0000] {processor.py:842} WARNING - No viable dags retrieved from /opt/airflow/dags/opentaxetl.py
[2025-02-23T00:31:03.020+0000] {processor.py:183} INFO - Processing /opt/airflow/dags/opentaxetl.py took 0.370 seconds
[2025-02-23T00:31:33.372+0000] {processor.py:161} INFO - Started process (PID=909) to work on /opt/airflow/dags/opentaxetl.py
[2025-02-23T00:31:33.374+0000] {processor.py:830} INFO - Processing file /opt/airflow/dags/opentaxetl.py for tasks to queue
[2025-02-23T00:31:33.376+0000] {logging_mixin.py:188} INFO - [2025-02-23T00:31:33.375+0000] {dagbag.py:545} INFO - Filling up the DagBag from /opt/airflow/dags/opentaxetl.py
[2025-02-23T00:31:33.720+0000] {logging_mixin.py:188} INFO - [2025-02-23T00:31:33.717+0000] {dagbag.py:355} ERROR - Failed to import: /opt/airflow/dags/opentaxetl.py
Traceback (most recent call last):
  File "/home/airflow/.local/lib/python3.12/site-packages/airflow/models/dagbag.py", line 351, in parse
    loader.exec_module(new_module)
  File "<frozen importlib._bootstrap_external>", line 995, in exec_module
  File "<frozen importlib._bootstrap>", line 488, in _call_with_frames_removed
  File "/opt/airflow/dags/opentaxetl.py", line 7, in <module>
    @task
     ^^^^
NameError: name 'task' is not defined
[2025-02-23T00:31:33.721+0000] {processor.py:842} WARNING - No viable dags retrieved from /opt/airflow/dags/opentaxetl.py
[2025-02-23T00:31:33.735+0000] {processor.py:183} INFO - Processing /opt/airflow/dags/opentaxetl.py took 0.376 seconds
[2025-02-23T00:32:04.035+0000] {processor.py:161} INFO - Started process (PID=921) to work on /opt/airflow/dags/opentaxetl.py
[2025-02-23T00:32:04.039+0000] {processor.py:830} INFO - Processing file /opt/airflow/dags/opentaxetl.py for tasks to queue
[2025-02-23T00:32:04.042+0000] {logging_mixin.py:188} INFO - [2025-02-23T00:32:04.041+0000] {dagbag.py:545} INFO - Filling up the DagBag from /opt/airflow/dags/opentaxetl.py
[2025-02-23T00:32:04.409+0000] {logging_mixin.py:188} INFO - [2025-02-23T00:32:04.405+0000] {dagbag.py:355} ERROR - Failed to import: /opt/airflow/dags/opentaxetl.py
Traceback (most recent call last):
  File "/home/airflow/.local/lib/python3.12/site-packages/airflow/models/dagbag.py", line 351, in parse
    loader.exec_module(new_module)
  File "<frozen importlib._bootstrap_external>", line 995, in exec_module
  File "<frozen importlib._bootstrap>", line 488, in _call_with_frames_removed
  File "/opt/airflow/dags/opentaxetl.py", line 7, in <module>
    @task
     ^^^^
NameError: name 'task' is not defined
[2025-02-23T00:32:04.410+0000] {processor.py:842} WARNING - No viable dags retrieved from /opt/airflow/dags/opentaxetl.py
[2025-02-23T00:32:04.432+0000] {processor.py:183} INFO - Processing /opt/airflow/dags/opentaxetl.py took 0.406 seconds
[2025-02-23T00:32:34.780+0000] {processor.py:161} INFO - Started process (PID=933) to work on /opt/airflow/dags/opentaxetl.py
[2025-02-23T00:32:34.782+0000] {processor.py:830} INFO - Processing file /opt/airflow/dags/opentaxetl.py for tasks to queue
[2025-02-23T00:32:34.784+0000] {logging_mixin.py:188} INFO - [2025-02-23T00:32:34.783+0000] {dagbag.py:545} INFO - Filling up the DagBag from /opt/airflow/dags/opentaxetl.py
[2025-02-23T00:32:35.128+0000] {logging_mixin.py:188} INFO - [2025-02-23T00:32:35.125+0000] {dagbag.py:355} ERROR - Failed to import: /opt/airflow/dags/opentaxetl.py
Traceback (most recent call last):
  File "/home/airflow/.local/lib/python3.12/site-packages/airflow/models/dagbag.py", line 351, in parse
    loader.exec_module(new_module)
  File "<frozen importlib._bootstrap_external>", line 995, in exec_module
  File "<frozen importlib._bootstrap>", line 488, in _call_with_frames_removed
  File "/opt/airflow/dags/opentaxetl.py", line 7, in <module>
    @task
     ^^^^
NameError: name 'task' is not defined
[2025-02-23T00:32:35.129+0000] {processor.py:842} WARNING - No viable dags retrieved from /opt/airflow/dags/opentaxetl.py
[2025-02-23T00:32:35.144+0000] {processor.py:183} INFO - Processing /opt/airflow/dags/opentaxetl.py took 0.372 seconds
[2025-02-23T00:33:05.451+0000] {processor.py:161} INFO - Started process (PID=945) to work on /opt/airflow/dags/opentaxetl.py
[2025-02-23T00:33:05.454+0000] {processor.py:830} INFO - Processing file /opt/airflow/dags/opentaxetl.py for tasks to queue
[2025-02-23T00:33:05.456+0000] {logging_mixin.py:188} INFO - [2025-02-23T00:33:05.455+0000] {dagbag.py:545} INFO - Filling up the DagBag from /opt/airflow/dags/opentaxetl.py
[2025-02-23T00:33:05.795+0000] {logging_mixin.py:188} INFO - [2025-02-23T00:33:05.792+0000] {dagbag.py:355} ERROR - Failed to import: /opt/airflow/dags/opentaxetl.py
Traceback (most recent call last):
  File "/home/airflow/.local/lib/python3.12/site-packages/airflow/models/dagbag.py", line 351, in parse
    loader.exec_module(new_module)
  File "<frozen importlib._bootstrap_external>", line 995, in exec_module
  File "<frozen importlib._bootstrap>", line 488, in _call_with_frames_removed
  File "/opt/airflow/dags/opentaxetl.py", line 7, in <module>
    @task
     ^^^^
NameError: name 'task' is not defined
[2025-02-23T00:33:05.796+0000] {processor.py:842} WARNING - No viable dags retrieved from /opt/airflow/dags/opentaxetl.py
[2025-02-23T00:33:05.811+0000] {processor.py:183} INFO - Processing /opt/airflow/dags/opentaxetl.py took 0.369 seconds
[2025-02-23T00:33:07.210+0000] {processor.py:161} INFO - Started process (PID=951) to work on /opt/airflow/dags/opentaxetl.py
[2025-02-23T00:33:07.213+0000] {processor.py:830} INFO - Processing file /opt/airflow/dags/opentaxetl.py for tasks to queue
[2025-02-23T00:33:07.215+0000] {logging_mixin.py:188} INFO - [2025-02-23T00:33:07.214+0000] {dagbag.py:545} INFO - Filling up the DagBag from /opt/airflow/dags/opentaxetl.py
[2025-02-23T00:33:07.923+0000] {logging_mixin.py:188} INFO - [2025-02-23T00:33:07.918+0000] {dagbag.py:355} ERROR - Failed to import: /opt/airflow/dags/opentaxetl.py
Traceback (most recent call last):
  File "/home/airflow/.local/lib/python3.12/site-packages/airflow/models/dagbag.py", line 351, in parse
    loader.exec_module(new_module)
  File "<frozen importlib._bootstrap_external>", line 995, in exec_module
  File "<frozen importlib._bootstrap>", line 488, in _call_with_frames_removed
  File "/opt/airflow/dags/opentaxetl.py", line 7, in <module>
    @task
     ^^^^
NameError: name 'task' is not defined
[2025-02-23T00:33:07.924+0000] {processor.py:842} WARNING - No viable dags retrieved from /opt/airflow/dags/opentaxetl.py
[2025-02-23T00:33:07.968+0000] {processor.py:183} INFO - Processing /opt/airflow/dags/opentaxetl.py took 0.793 seconds
[2025-02-23T00:50:20.363+0000] {processor.py:161} INFO - Started process (PID=963) to work on /opt/airflow/dags/opentaxetl.py
[2025-02-23T00:50:20.365+0000] {processor.py:830} INFO - Processing file /opt/airflow/dags/opentaxetl.py for tasks to queue
[2025-02-23T00:50:20.366+0000] {logging_mixin.py:188} INFO - [2025-02-23T00:50:20.366+0000] {dagbag.py:545} INFO - Filling up the DagBag from /opt/airflow/dags/opentaxetl.py
[2025-02-23T00:50:20.743+0000] {logging_mixin.py:188} INFO - [2025-02-23T00:50:20.739+0000] {dagbag.py:355} ERROR - Failed to import: /opt/airflow/dags/opentaxetl.py
Traceback (most recent call last):
  File "/home/airflow/.local/lib/python3.12/site-packages/airflow/models/dagbag.py", line 351, in parse
    loader.exec_module(new_module)
  File "<frozen importlib._bootstrap_external>", line 995, in exec_module
  File "<frozen importlib._bootstrap>", line 488, in _call_with_frames_removed
  File "/opt/airflow/dags/opentaxetl.py", line 7, in <module>
    @task
     ^^^^
NameError: name 'task' is not defined
[2025-02-23T00:50:20.744+0000] {processor.py:842} WARNING - No viable dags retrieved from /opt/airflow/dags/opentaxetl.py
[2025-02-23T00:50:20.773+0000] {processor.py:183} INFO - Processing /opt/airflow/dags/opentaxetl.py took 0.425 seconds
[2025-02-23T00:58:20.641+0000] {processor.py:161} INFO - Started process (PID=975) to work on /opt/airflow/dags/opentaxetl.py
[2025-02-23T00:58:20.644+0000] {processor.py:830} INFO - Processing file /opt/airflow/dags/opentaxetl.py for tasks to queue
[2025-02-23T00:58:20.648+0000] {logging_mixin.py:188} INFO - [2025-02-23T00:58:20.646+0000] {dagbag.py:545} INFO - Filling up the DagBag from /opt/airflow/dags/opentaxetl.py
[2025-02-23T00:58:21.665+0000] {logging_mixin.py:188} INFO - [2025-02-23T00:58:21.663+0000] {dagbag.py:355} ERROR - Failed to import: /opt/airflow/dags/opentaxetl.py
Traceback (most recent call last):
  File "/home/airflow/.local/lib/python3.12/site-packages/airflow/models/dagbag.py", line 351, in parse
    loader.exec_module(new_module)
  File "<frozen importlib._bootstrap_external>", line 995, in exec_module
  File "<frozen importlib._bootstrap>", line 488, in _call_with_frames_removed
  File "/opt/airflow/dags/opentaxetl.py", line 7, in <module>
    @task
     ^^^^
NameError: name 'task' is not defined
[2025-02-23T00:58:21.666+0000] {processor.py:842} WARNING - No viable dags retrieved from /opt/airflow/dags/opentaxetl.py
[2025-02-23T00:58:21.694+0000] {processor.py:183} INFO - Processing /opt/airflow/dags/opentaxetl.py took 1.070 seconds
[2025-02-23T00:58:52.046+0000] {processor.py:161} INFO - Started process (PID=987) to work on /opt/airflow/dags/opentaxetl.py
[2025-02-23T00:58:52.048+0000] {processor.py:830} INFO - Processing file /opt/airflow/dags/opentaxetl.py for tasks to queue
[2025-02-23T00:58:52.049+0000] {logging_mixin.py:188} INFO - [2025-02-23T00:58:52.049+0000] {dagbag.py:545} INFO - Filling up the DagBag from /opt/airflow/dags/opentaxetl.py
[2025-02-23T00:58:52.403+0000] {logging_mixin.py:188} INFO - [2025-02-23T00:58:52.399+0000] {dagbag.py:355} ERROR - Failed to import: /opt/airflow/dags/opentaxetl.py
Traceback (most recent call last):
  File "/home/airflow/.local/lib/python3.12/site-packages/airflow/models/dagbag.py", line 351, in parse
    loader.exec_module(new_module)
  File "<frozen importlib._bootstrap_external>", line 995, in exec_module
  File "<frozen importlib._bootstrap>", line 488, in _call_with_frames_removed
  File "/opt/airflow/dags/opentaxetl.py", line 7, in <module>
    @task
     ^^^^
NameError: name 'task' is not defined
[2025-02-23T00:58:52.404+0000] {processor.py:842} WARNING - No viable dags retrieved from /opt/airflow/dags/opentaxetl.py
[2025-02-23T00:58:52.420+0000] {processor.py:183} INFO - Processing /opt/airflow/dags/opentaxetl.py took 0.383 seconds
[2025-02-23T00:59:53.020+0000] {processor.py:161} INFO - Started process (PID=998) to work on /opt/airflow/dags/opentaxetl.py
[2025-02-23T00:59:53.022+0000] {processor.py:830} INFO - Processing file /opt/airflow/dags/opentaxetl.py for tasks to queue
[2025-02-23T00:59:53.023+0000] {logging_mixin.py:188} INFO - [2025-02-23T00:59:53.023+0000] {dagbag.py:545} INFO - Filling up the DagBag from /opt/airflow/dags/opentaxetl.py
[2025-02-23T00:59:53.404+0000] {logging_mixin.py:188} INFO - [2025-02-23T00:59:53.393+0000] {dagbag.py:355} ERROR - Failed to import: /opt/airflow/dags/opentaxetl.py
Traceback (most recent call last):
  File "/home/airflow/.local/lib/python3.12/site-packages/airflow/models/dagbag.py", line 351, in parse
    loader.exec_module(new_module)
  File "<frozen importlib._bootstrap_external>", line 995, in exec_module
  File "<frozen importlib._bootstrap>", line 488, in _call_with_frames_removed
  File "/opt/airflow/dags/opentaxetl.py", line 7, in <module>
    @task
     ^^^^
NameError: name 'task' is not defined
[2025-02-23T00:59:53.405+0000] {processor.py:842} WARNING - No viable dags retrieved from /opt/airflow/dags/opentaxetl.py
[2025-02-23T00:59:53.428+0000] {processor.py:183} INFO - Processing /opt/airflow/dags/opentaxetl.py took 0.433 seconds
[2025-02-23T01:06:16.161+0000] {processor.py:161} INFO - Started process (PID=1010) to work on /opt/airflow/dags/opentaxetl.py
[2025-02-23T01:06:16.163+0000] {processor.py:830} INFO - Processing file /opt/airflow/dags/opentaxetl.py for tasks to queue
[2025-02-23T01:06:16.165+0000] {logging_mixin.py:188} INFO - [2025-02-23T01:06:16.164+0000] {dagbag.py:545} INFO - Filling up the DagBag from /opt/airflow/dags/opentaxetl.py
[2025-02-23T01:06:16.547+0000] {logging_mixin.py:188} INFO - [2025-02-23T01:06:16.544+0000] {dagbag.py:355} ERROR - Failed to import: /opt/airflow/dags/opentaxetl.py
Traceback (most recent call last):
  File "/home/airflow/.local/lib/python3.12/site-packages/airflow/models/dagbag.py", line 351, in parse
    loader.exec_module(new_module)
  File "<frozen importlib._bootstrap_external>", line 995, in exec_module
  File "<frozen importlib._bootstrap>", line 488, in _call_with_frames_removed
  File "/opt/airflow/dags/opentaxetl.py", line 7, in <module>
    @task
     ^^^^
NameError: name 'task' is not defined
[2025-02-23T01:06:16.548+0000] {processor.py:842} WARNING - No viable dags retrieved from /opt/airflow/dags/opentaxetl.py
[2025-02-23T01:06:16.574+0000] {processor.py:183} INFO - Processing /opt/airflow/dags/opentaxetl.py took 0.424 seconds
[2025-02-23T01:10:47.667+0000] {processor.py:161} INFO - Started process (PID=1022) to work on /opt/airflow/dags/opentaxetl.py
[2025-02-23T01:10:47.669+0000] {processor.py:830} INFO - Processing file /opt/airflow/dags/opentaxetl.py for tasks to queue
[2025-02-23T01:10:47.671+0000] {logging_mixin.py:188} INFO - [2025-02-23T01:10:47.670+0000] {dagbag.py:545} INFO - Filling up the DagBag from /opt/airflow/dags/opentaxetl.py
[2025-02-23T01:10:48.048+0000] {logging_mixin.py:188} INFO - [2025-02-23T01:10:48.045+0000] {dagbag.py:355} ERROR - Failed to import: /opt/airflow/dags/opentaxetl.py
Traceback (most recent call last):
  File "/home/airflow/.local/lib/python3.12/site-packages/airflow/models/dagbag.py", line 351, in parse
    loader.exec_module(new_module)
  File "<frozen importlib._bootstrap_external>", line 995, in exec_module
  File "<frozen importlib._bootstrap>", line 488, in _call_with_frames_removed
  File "/opt/airflow/dags/opentaxetl.py", line 7, in <module>
    @task
     ^^^^
NameError: name 'task' is not defined
[2025-02-23T01:10:48.049+0000] {processor.py:842} WARNING - No viable dags retrieved from /opt/airflow/dags/opentaxetl.py
[2025-02-23T01:10:48.065+0000] {processor.py:183} INFO - Processing /opt/airflow/dags/opentaxetl.py took 0.411 seconds
[2025-02-23T01:26:18.601+0000] {processor.py:161} INFO - Started process (PID=1034) to work on /opt/airflow/dags/opentaxetl.py
[2025-02-23T01:26:18.603+0000] {processor.py:830} INFO - Processing file /opt/airflow/dags/opentaxetl.py for tasks to queue
[2025-02-23T01:26:18.608+0000] {logging_mixin.py:188} INFO - [2025-02-23T01:26:18.605+0000] {dagbag.py:545} INFO - Filling up the DagBag from /opt/airflow/dags/opentaxetl.py
[2025-02-23T01:26:18.973+0000] {logging_mixin.py:188} INFO - [2025-02-23T01:26:18.969+0000] {dagbag.py:355} ERROR - Failed to import: /opt/airflow/dags/opentaxetl.py
Traceback (most recent call last):
  File "/home/airflow/.local/lib/python3.12/site-packages/airflow/models/dagbag.py", line 351, in parse
    loader.exec_module(new_module)
  File "<frozen importlib._bootstrap_external>", line 995, in exec_module
  File "<frozen importlib._bootstrap>", line 488, in _call_with_frames_removed
  File "/opt/airflow/dags/opentaxetl.py", line 7, in <module>
    @task
     ^^^^
NameError: name 'task' is not defined
[2025-02-23T01:26:18.974+0000] {processor.py:842} WARNING - No viable dags retrieved from /opt/airflow/dags/opentaxetl.py
[2025-02-23T01:26:18.991+0000] {processor.py:183} INFO - Processing /opt/airflow/dags/opentaxetl.py took 0.400 seconds
[2025-02-23T10:20:08.771+0000] {processor.py:161} INFO - Started process (PID=174) to work on /opt/airflow/dags/opentaxetl.py
[2025-02-23T10:20:08.773+0000] {processor.py:830} INFO - Processing file /opt/airflow/dags/opentaxetl.py for tasks to queue
[2025-02-23T10:20:08.776+0000] {logging_mixin.py:188} INFO - [2025-02-23T10:20:08.775+0000] {dagbag.py:545} INFO - Filling up the DagBag from /opt/airflow/dags/opentaxetl.py
[2025-02-23T10:20:09.604+0000] {logging_mixin.py:188} INFO - [2025-02-23T10:20:09.600+0000] {dagbag.py:355} ERROR - Failed to import: /opt/airflow/dags/opentaxetl.py
Traceback (most recent call last):
  File "/home/airflow/.local/lib/python3.12/site-packages/airflow/models/dagbag.py", line 351, in parse
    loader.exec_module(new_module)
  File "<frozen importlib._bootstrap_external>", line 995, in exec_module
  File "<frozen importlib._bootstrap>", line 488, in _call_with_frames_removed
  File "/opt/airflow/dags/opentaxetl.py", line 7, in <module>
    @task
     ^^^^
NameError: name 'task' is not defined
[2025-02-23T10:20:09.606+0000] {processor.py:842} WARNING - No viable dags retrieved from /opt/airflow/dags/opentaxetl.py
[2025-02-23T10:20:09.642+0000] {processor.py:183} INFO - Processing /opt/airflow/dags/opentaxetl.py took 0.877 seconds
[2025-02-23T10:20:39.986+0000] {processor.py:161} INFO - Started process (PID=203) to work on /opt/airflow/dags/opentaxetl.py
[2025-02-23T10:20:39.989+0000] {processor.py:830} INFO - Processing file /opt/airflow/dags/opentaxetl.py for tasks to queue
[2025-02-23T10:20:39.993+0000] {logging_mixin.py:188} INFO - [2025-02-23T10:20:39.993+0000] {dagbag.py:545} INFO - Filling up the DagBag from /opt/airflow/dags/opentaxetl.py
[2025-02-23T10:20:40.321+0000] {logging_mixin.py:188} INFO - [2025-02-23T10:20:40.319+0000] {dagbag.py:355} ERROR - Failed to import: /opt/airflow/dags/opentaxetl.py
Traceback (most recent call last):
  File "/home/airflow/.local/lib/python3.12/site-packages/airflow/models/dagbag.py", line 351, in parse
    loader.exec_module(new_module)
  File "<frozen importlib._bootstrap_external>", line 995, in exec_module
  File "<frozen importlib._bootstrap>", line 488, in _call_with_frames_removed
  File "/opt/airflow/dags/opentaxetl.py", line 7, in <module>
    @task
     ^^^^
NameError: name 'task' is not defined
[2025-02-23T10:20:40.322+0000] {processor.py:842} WARNING - No viable dags retrieved from /opt/airflow/dags/opentaxetl.py
[2025-02-23T10:20:40.342+0000] {processor.py:183} INFO - Processing /opt/airflow/dags/opentaxetl.py took 0.389 seconds
[2025-02-23T10:21:10.705+0000] {processor.py:161} INFO - Started process (PID=215) to work on /opt/airflow/dags/opentaxetl.py
[2025-02-23T10:21:10.708+0000] {processor.py:830} INFO - Processing file /opt/airflow/dags/opentaxetl.py for tasks to queue
[2025-02-23T10:21:10.729+0000] {logging_mixin.py:188} INFO - [2025-02-23T10:21:10.729+0000] {dagbag.py:545} INFO - Filling up the DagBag from /opt/airflow/dags/opentaxetl.py
[2025-02-23T10:21:11.031+0000] {logging_mixin.py:188} INFO - [2025-02-23T10:21:11.028+0000] {dagbag.py:355} ERROR - Failed to import: /opt/airflow/dags/opentaxetl.py
Traceback (most recent call last):
  File "/home/airflow/.local/lib/python3.12/site-packages/airflow/models/dagbag.py", line 351, in parse
    loader.exec_module(new_module)
  File "<frozen importlib._bootstrap_external>", line 995, in exec_module
  File "<frozen importlib._bootstrap>", line 488, in _call_with_frames_removed
  File "/opt/airflow/dags/opentaxetl.py", line 7, in <module>
    @task
     ^^^^
NameError: name 'task' is not defined
[2025-02-23T10:21:11.032+0000] {processor.py:842} WARNING - No viable dags retrieved from /opt/airflow/dags/opentaxetl.py
[2025-02-23T10:21:11.048+0000] {processor.py:183} INFO - Processing /opt/airflow/dags/opentaxetl.py took 0.351 seconds
[2025-02-23T10:21:41.308+0000] {processor.py:161} INFO - Started process (PID=227) to work on /opt/airflow/dags/opentaxetl.py
[2025-02-23T10:21:41.311+0000] {processor.py:830} INFO - Processing file /opt/airflow/dags/opentaxetl.py for tasks to queue
[2025-02-23T10:21:41.315+0000] {logging_mixin.py:188} INFO - [2025-02-23T10:21:41.314+0000] {dagbag.py:545} INFO - Filling up the DagBag from /opt/airflow/dags/opentaxetl.py
[2025-02-23T10:21:41.642+0000] {processor.py:840} INFO - DAG(s) 'open_tax_etl' retrieved from /opt/airflow/dags/opentaxetl.py
[2025-02-23T10:21:42.282+0000] {logging_mixin.py:188} INFO - [2025-02-23T10:21:42.282+0000] {dag.py:3089} INFO - Sync 1 DAGs
[2025-02-23T10:21:42.308+0000] {logging_mixin.py:188} INFO - [2025-02-23T10:21:42.308+0000] {dag.py:3947} INFO - Setting next_dagrun for open_tax_etl to 2025-02-22 00:00:00+00:00, run_after=2025-02-23 00:00:00+00:00
[2025-02-23T10:21:42.325+0000] {processor.py:183} INFO - Processing /opt/airflow/dags/opentaxetl.py took 1.026 seconds
[2025-02-23T10:22:12.635+0000] {processor.py:161} INFO - Started process (PID=239) to work on /opt/airflow/dags/opentaxetl.py
[2025-02-23T10:22:12.639+0000] {processor.py:830} INFO - Processing file /opt/airflow/dags/opentaxetl.py for tasks to queue
[2025-02-23T10:22:12.650+0000] {logging_mixin.py:188} INFO - [2025-02-23T10:22:12.647+0000] {dagbag.py:545} INFO - Filling up the DagBag from /opt/airflow/dags/opentaxetl.py
[2025-02-23T10:22:13.013+0000] {processor.py:840} INFO - DAG(s) 'open_tax_etl' retrieved from /opt/airflow/dags/opentaxetl.py
[2025-02-23T10:22:13.306+0000] {logging_mixin.py:188} INFO - [2025-02-23T10:22:13.306+0000] {dag.py:3089} INFO - Sync 1 DAGs
[2025-02-23T10:22:13.319+0000] {logging_mixin.py:188} INFO - [2025-02-23T10:22:13.319+0000] {dag.py:3947} INFO - Setting next_dagrun for open_tax_etl to 2023-01-01 00:00:00+00:00, run_after=2023-01-01 00:00:00+00:00
[2025-02-23T10:22:13.332+0000] {processor.py:183} INFO - Processing /opt/airflow/dags/opentaxetl.py took 0.705 seconds
[2025-02-23T10:22:43.708+0000] {processor.py:161} INFO - Started process (PID=257) to work on /opt/airflow/dags/opentaxetl.py
[2025-02-23T10:22:43.711+0000] {processor.py:830} INFO - Processing file /opt/airflow/dags/opentaxetl.py for tasks to queue
[2025-02-23T10:22:43.715+0000] {logging_mixin.py:188} INFO - [2025-02-23T10:22:43.714+0000] {dagbag.py:545} INFO - Filling up the DagBag from /opt/airflow/dags/opentaxetl.py
[2025-02-23T10:22:44.070+0000] {processor.py:840} INFO - DAG(s) 'open_tax_etl' retrieved from /opt/airflow/dags/opentaxetl.py
[2025-02-23T10:22:44.095+0000] {logging_mixin.py:188} INFO - [2025-02-23T10:22:44.095+0000] {dag.py:3089} INFO - Sync 1 DAGs
[2025-02-23T10:22:44.113+0000] {logging_mixin.py:188} INFO - [2025-02-23T10:22:44.113+0000] {dag.py:3947} INFO - Setting next_dagrun for open_tax_etl to None, run_after=None
[2025-02-23T10:22:44.132+0000] {processor.py:183} INFO - Processing /opt/airflow/dags/opentaxetl.py took 0.438 seconds
[2025-02-23T10:23:14.401+0000] {processor.py:161} INFO - Started process (PID=269) to work on /opt/airflow/dags/opentaxetl.py
[2025-02-23T10:23:14.410+0000] {processor.py:830} INFO - Processing file /opt/airflow/dags/opentaxetl.py for tasks to queue
[2025-02-23T10:23:14.416+0000] {logging_mixin.py:188} INFO - [2025-02-23T10:23:14.414+0000] {dagbag.py:545} INFO - Filling up the DagBag from /opt/airflow/dags/opentaxetl.py
[2025-02-23T10:23:14.760+0000] {processor.py:840} INFO - DAG(s) 'open_tax_etl' retrieved from /opt/airflow/dags/opentaxetl.py
[2025-02-23T10:23:14.787+0000] {logging_mixin.py:188} INFO - [2025-02-23T10:23:14.787+0000] {dag.py:3089} INFO - Sync 1 DAGs
[2025-02-23T10:23:14.803+0000] {logging_mixin.py:188} INFO - [2025-02-23T10:23:14.803+0000] {dag.py:3947} INFO - Setting next_dagrun for open_tax_etl to None, run_after=None
[2025-02-23T10:23:14.816+0000] {processor.py:183} INFO - Processing /opt/airflow/dags/opentaxetl.py took 0.449 seconds
[2025-02-23T10:23:45.129+0000] {processor.py:161} INFO - Started process (PID=281) to work on /opt/airflow/dags/opentaxetl.py
[2025-02-23T10:23:45.132+0000] {processor.py:830} INFO - Processing file /opt/airflow/dags/opentaxetl.py for tasks to queue
[2025-02-23T10:23:45.135+0000] {logging_mixin.py:188} INFO - [2025-02-23T10:23:45.135+0000] {dagbag.py:545} INFO - Filling up the DagBag from /opt/airflow/dags/opentaxetl.py
[2025-02-23T10:23:45.478+0000] {processor.py:840} INFO - DAG(s) 'open_tax_etl' retrieved from /opt/airflow/dags/opentaxetl.py
[2025-02-23T10:23:45.508+0000] {logging_mixin.py:188} INFO - [2025-02-23T10:23:45.507+0000] {dag.py:3089} INFO - Sync 1 DAGs
[2025-02-23T10:23:45.525+0000] {logging_mixin.py:188} INFO - [2025-02-23T10:23:45.525+0000] {dag.py:3947} INFO - Setting next_dagrun for open_tax_etl to None, run_after=None
[2025-02-23T10:23:45.539+0000] {processor.py:183} INFO - Processing /opt/airflow/dags/opentaxetl.py took 0.423 seconds
[2025-02-23T10:24:15.862+0000] {processor.py:161} INFO - Started process (PID=293) to work on /opt/airflow/dags/opentaxetl.py
[2025-02-23T10:24:15.865+0000] {processor.py:830} INFO - Processing file /opt/airflow/dags/opentaxetl.py for tasks to queue
[2025-02-23T10:24:15.869+0000] {logging_mixin.py:188} INFO - [2025-02-23T10:24:15.868+0000] {dagbag.py:545} INFO - Filling up the DagBag from /opt/airflow/dags/opentaxetl.py
[2025-02-23T10:24:16.189+0000] {processor.py:840} INFO - DAG(s) 'open_tax_etl' retrieved from /opt/airflow/dags/opentaxetl.py
[2025-02-23T10:24:16.216+0000] {logging_mixin.py:188} INFO - [2025-02-23T10:24:16.216+0000] {dag.py:3089} INFO - Sync 1 DAGs
[2025-02-23T10:24:16.232+0000] {logging_mixin.py:188} INFO - [2025-02-23T10:24:16.232+0000] {dag.py:3947} INFO - Setting next_dagrun for open_tax_etl to None, run_after=None
[2025-02-23T10:24:16.245+0000] {processor.py:183} INFO - Processing /opt/airflow/dags/opentaxetl.py took 0.409 seconds
[2025-02-23T10:24:46.509+0000] {processor.py:161} INFO - Started process (PID=308) to work on /opt/airflow/dags/opentaxetl.py
[2025-02-23T10:24:46.512+0000] {processor.py:830} INFO - Processing file /opt/airflow/dags/opentaxetl.py for tasks to queue
[2025-02-23T10:24:46.514+0000] {logging_mixin.py:188} INFO - [2025-02-23T10:24:46.514+0000] {dagbag.py:545} INFO - Filling up the DagBag from /opt/airflow/dags/opentaxetl.py
[2025-02-23T10:24:46.854+0000] {processor.py:840} INFO - DAG(s) 'open_tax_etl' retrieved from /opt/airflow/dags/opentaxetl.py
[2025-02-23T10:24:46.884+0000] {logging_mixin.py:188} INFO - [2025-02-23T10:24:46.884+0000] {dag.py:3089} INFO - Sync 1 DAGs
[2025-02-23T10:24:47.089+0000] {logging_mixin.py:188} INFO - [2025-02-23T10:24:47.089+0000] {dag.py:3947} INFO - Setting next_dagrun for open_tax_etl to None, run_after=None
[2025-02-23T10:24:47.104+0000] {processor.py:183} INFO - Processing /opt/airflow/dags/opentaxetl.py took 0.605 seconds
[2025-02-23T10:25:17.449+0000] {processor.py:161} INFO - Started process (PID=320) to work on /opt/airflow/dags/opentaxetl.py
[2025-02-23T10:25:17.451+0000] {processor.py:830} INFO - Processing file /opt/airflow/dags/opentaxetl.py for tasks to queue
[2025-02-23T10:25:17.455+0000] {logging_mixin.py:188} INFO - [2025-02-23T10:25:17.455+0000] {dagbag.py:545} INFO - Filling up the DagBag from /opt/airflow/dags/opentaxetl.py
[2025-02-23T10:25:17.792+0000] {processor.py:840} INFO - DAG(s) 'open_tax_etl' retrieved from /opt/airflow/dags/opentaxetl.py
[2025-02-23T10:25:17.831+0000] {logging_mixin.py:188} INFO - [2025-02-23T10:25:17.831+0000] {dag.py:3089} INFO - Sync 1 DAGs
[2025-02-23T10:25:18.022+0000] {logging_mixin.py:188} INFO - [2025-02-23T10:25:18.022+0000] {dag.py:3947} INFO - Setting next_dagrun for open_tax_etl to None, run_after=None
[2025-02-23T10:25:18.034+0000] {processor.py:183} INFO - Processing /opt/airflow/dags/opentaxetl.py took 0.597 seconds
[2025-02-23T10:25:35.911+0000] {processor.py:161} INFO - Started process (PID=332) to work on /opt/airflow/dags/opentaxetl.py
[2025-02-23T10:25:35.913+0000] {processor.py:830} INFO - Processing file /opt/airflow/dags/opentaxetl.py for tasks to queue
[2025-02-23T10:25:35.917+0000] {logging_mixin.py:188} INFO - [2025-02-23T10:25:35.916+0000] {dagbag.py:545} INFO - Filling up the DagBag from /opt/airflow/dags/opentaxetl.py
[2025-02-23T10:25:36.274+0000] {processor.py:840} INFO - DAG(s) 'open_tax_etl' retrieved from /opt/airflow/dags/opentaxetl.py
[2025-02-23T10:25:36.318+0000] {logging_mixin.py:188} INFO - [2025-02-23T10:25:36.318+0000] {dag.py:3089} INFO - Sync 1 DAGs
[2025-02-23T10:25:36.336+0000] {logging_mixin.py:188} INFO - [2025-02-23T10:25:36.336+0000] {dag.py:3947} INFO - Setting next_dagrun for open_tax_etl to None, run_after=None
[2025-02-23T10:25:36.350+0000] {processor.py:183} INFO - Processing /opt/airflow/dags/opentaxetl.py took 0.448 seconds
[2025-02-23T10:26:06.571+0000] {processor.py:161} INFO - Started process (PID=347) to work on /opt/airflow/dags/opentaxetl.py
[2025-02-23T10:26:06.574+0000] {processor.py:830} INFO - Processing file /opt/airflow/dags/opentaxetl.py for tasks to queue
[2025-02-23T10:26:06.578+0000] {logging_mixin.py:188} INFO - [2025-02-23T10:26:06.577+0000] {dagbag.py:545} INFO - Filling up the DagBag from /opt/airflow/dags/opentaxetl.py
[2025-02-23T10:26:07.290+0000] {processor.py:840} INFO - DAG(s) 'open_tax_etl' retrieved from /opt/airflow/dags/opentaxetl.py
[2025-02-23T10:26:07.345+0000] {logging_mixin.py:188} INFO - [2025-02-23T10:26:07.344+0000] {dag.py:3089} INFO - Sync 1 DAGs
[2025-02-23T10:26:07.371+0000] {logging_mixin.py:188} INFO - [2025-02-23T10:26:07.370+0000] {dag.py:3947} INFO - Setting next_dagrun for open_tax_etl to None, run_after=None
[2025-02-23T10:26:07.388+0000] {processor.py:183} INFO - Processing /opt/airflow/dags/opentaxetl.py took 0.833 seconds
[2025-02-23T10:26:37.767+0000] {processor.py:161} INFO - Started process (PID=359) to work on /opt/airflow/dags/opentaxetl.py
[2025-02-23T10:26:37.769+0000] {processor.py:830} INFO - Processing file /opt/airflow/dags/opentaxetl.py for tasks to queue
[2025-02-23T10:26:37.774+0000] {logging_mixin.py:188} INFO - [2025-02-23T10:26:37.773+0000] {dagbag.py:545} INFO - Filling up the DagBag from /opt/airflow/dags/opentaxetl.py
[2025-02-23T10:26:38.118+0000] {processor.py:840} INFO - DAG(s) 'open_tax_etl' retrieved from /opt/airflow/dags/opentaxetl.py
[2025-02-23T10:26:38.148+0000] {logging_mixin.py:188} INFO - [2025-02-23T10:26:38.147+0000] {dag.py:3089} INFO - Sync 1 DAGs
[2025-02-23T10:26:38.165+0000] {logging_mixin.py:188} INFO - [2025-02-23T10:26:38.165+0000] {dag.py:3947} INFO - Setting next_dagrun for open_tax_etl to None, run_after=None
[2025-02-23T10:26:38.178+0000] {processor.py:183} INFO - Processing /opt/airflow/dags/opentaxetl.py took 0.422 seconds
[2025-02-23T10:27:08.464+0000] {processor.py:161} INFO - Started process (PID=371) to work on /opt/airflow/dags/opentaxetl.py
[2025-02-23T10:27:08.467+0000] {processor.py:830} INFO - Processing file /opt/airflow/dags/opentaxetl.py for tasks to queue
[2025-02-23T10:27:08.471+0000] {logging_mixin.py:188} INFO - [2025-02-23T10:27:08.470+0000] {dagbag.py:545} INFO - Filling up the DagBag from /opt/airflow/dags/opentaxetl.py
[2025-02-23T10:27:08.815+0000] {processor.py:840} INFO - DAG(s) 'open_tax_etl' retrieved from /opt/airflow/dags/opentaxetl.py
[2025-02-23T10:27:08.845+0000] {logging_mixin.py:188} INFO - [2025-02-23T10:27:08.844+0000] {dag.py:3089} INFO - Sync 1 DAGs
[2025-02-23T10:27:08.864+0000] {logging_mixin.py:188} INFO - [2025-02-23T10:27:08.864+0000] {dag.py:3947} INFO - Setting next_dagrun for open_tax_etl to None, run_after=None
[2025-02-23T10:27:08.877+0000] {processor.py:183} INFO - Processing /opt/airflow/dags/opentaxetl.py took 0.426 seconds
[2025-02-23T10:27:39.149+0000] {processor.py:161} INFO - Started process (PID=386) to work on /opt/airflow/dags/opentaxetl.py
[2025-02-23T10:27:39.151+0000] {processor.py:830} INFO - Processing file /opt/airflow/dags/opentaxetl.py for tasks to queue
[2025-02-23T10:27:39.153+0000] {logging_mixin.py:188} INFO - [2025-02-23T10:27:39.153+0000] {dagbag.py:545} INFO - Filling up the DagBag from /opt/airflow/dags/opentaxetl.py
[2025-02-23T10:27:39.407+0000] {processor.py:840} INFO - DAG(s) 'open_tax_etl' retrieved from /opt/airflow/dags/opentaxetl.py
[2025-02-23T10:27:39.429+0000] {logging_mixin.py:188} INFO - [2025-02-23T10:27:39.429+0000] {dag.py:3089} INFO - Sync 1 DAGs
[2025-02-23T10:27:39.444+0000] {logging_mixin.py:188} INFO - [2025-02-23T10:27:39.444+0000] {dag.py:3947} INFO - Setting next_dagrun for open_tax_etl to None, run_after=None
[2025-02-23T10:27:39.554+0000] {processor.py:183} INFO - Processing /opt/airflow/dags/opentaxetl.py took 0.415 seconds
[2025-02-23T10:28:09.888+0000] {processor.py:161} INFO - Started process (PID=401) to work on /opt/airflow/dags/opentaxetl.py
[2025-02-23T10:28:09.891+0000] {processor.py:830} INFO - Processing file /opt/airflow/dags/opentaxetl.py for tasks to queue
[2025-02-23T10:28:09.895+0000] {logging_mixin.py:188} INFO - [2025-02-23T10:28:09.895+0000] {dagbag.py:545} INFO - Filling up the DagBag from /opt/airflow/dags/opentaxetl.py
[2025-02-23T10:28:10.236+0000] {processor.py:840} INFO - DAG(s) 'open_tax_etl' retrieved from /opt/airflow/dags/opentaxetl.py
[2025-02-23T10:28:10.266+0000] {logging_mixin.py:188} INFO - [2025-02-23T10:28:10.266+0000] {dag.py:3089} INFO - Sync 1 DAGs
[2025-02-23T10:28:10.472+0000] {logging_mixin.py:188} INFO - [2025-02-23T10:28:10.472+0000] {dag.py:3947} INFO - Setting next_dagrun for open_tax_etl to None, run_after=None
[2025-02-23T10:28:10.484+0000] {processor.py:183} INFO - Processing /opt/airflow/dags/opentaxetl.py took 0.611 seconds
[2025-02-23T10:28:40.739+0000] {processor.py:161} INFO - Started process (PID=416) to work on /opt/airflow/dags/opentaxetl.py
[2025-02-23T10:28:40.741+0000] {processor.py:830} INFO - Processing file /opt/airflow/dags/opentaxetl.py for tasks to queue
[2025-02-23T10:28:40.744+0000] {logging_mixin.py:188} INFO - [2025-02-23T10:28:40.744+0000] {dagbag.py:545} INFO - Filling up the DagBag from /opt/airflow/dags/opentaxetl.py
[2025-02-23T10:28:41.100+0000] {processor.py:840} INFO - DAG(s) 'open_tax_etl' retrieved from /opt/airflow/dags/opentaxetl.py
[2025-02-23T10:28:41.132+0000] {logging_mixin.py:188} INFO - [2025-02-23T10:28:41.132+0000] {dag.py:3089} INFO - Sync 1 DAGs
[2025-02-23T10:28:41.333+0000] {logging_mixin.py:188} INFO - [2025-02-23T10:28:41.333+0000] {dag.py:3947} INFO - Setting next_dagrun for open_tax_etl to None, run_after=None
[2025-02-23T10:28:41.345+0000] {processor.py:183} INFO - Processing /opt/airflow/dags/opentaxetl.py took 0.617 seconds
[2025-02-23T10:29:11.684+0000] {processor.py:161} INFO - Started process (PID=428) to work on /opt/airflow/dags/opentaxetl.py
[2025-02-23T10:29:11.687+0000] {processor.py:830} INFO - Processing file /opt/airflow/dags/opentaxetl.py for tasks to queue
[2025-02-23T10:29:11.691+0000] {logging_mixin.py:188} INFO - [2025-02-23T10:29:11.690+0000] {dagbag.py:545} INFO - Filling up the DagBag from /opt/airflow/dags/opentaxetl.py
[2025-02-23T10:29:12.069+0000] {processor.py:840} INFO - DAG(s) 'open_tax_etl' retrieved from /opt/airflow/dags/opentaxetl.py
[2025-02-23T10:29:12.098+0000] {logging_mixin.py:188} INFO - [2025-02-23T10:29:12.098+0000] {dag.py:3089} INFO - Sync 1 DAGs
[2025-02-23T10:29:12.116+0000] {logging_mixin.py:188} INFO - [2025-02-23T10:29:12.116+0000] {dag.py:3947} INFO - Setting next_dagrun for open_tax_etl to None, run_after=None
[2025-02-23T10:29:12.129+0000] {processor.py:183} INFO - Processing /opt/airflow/dags/opentaxetl.py took 0.457 seconds
[2025-02-23T10:29:42.366+0000] {processor.py:161} INFO - Started process (PID=443) to work on /opt/airflow/dags/opentaxetl.py
[2025-02-23T10:29:42.368+0000] {processor.py:830} INFO - Processing file /opt/airflow/dags/opentaxetl.py for tasks to queue
[2025-02-23T10:29:42.373+0000] {logging_mixin.py:188} INFO - [2025-02-23T10:29:42.372+0000] {dagbag.py:545} INFO - Filling up the DagBag from /opt/airflow/dags/opentaxetl.py
[2025-02-23T10:29:42.761+0000] {processor.py:840} INFO - DAG(s) 'open_tax_etl' retrieved from /opt/airflow/dags/opentaxetl.py
[2025-02-23T10:29:42.794+0000] {logging_mixin.py:188} INFO - [2025-02-23T10:29:42.794+0000] {dag.py:3089} INFO - Sync 1 DAGs
[2025-02-23T10:29:42.818+0000] {logging_mixin.py:188} INFO - [2025-02-23T10:29:42.817+0000] {dag.py:3947} INFO - Setting next_dagrun for open_tax_etl to None, run_after=None
[2025-02-23T10:29:42.835+0000] {processor.py:183} INFO - Processing /opt/airflow/dags/opentaxetl.py took 0.490 seconds
[2025-02-23T10:30:13.151+0000] {processor.py:161} INFO - Started process (PID=461) to work on /opt/airflow/dags/opentaxetl.py
[2025-02-23T10:30:13.157+0000] {processor.py:830} INFO - Processing file /opt/airflow/dags/opentaxetl.py for tasks to queue
[2025-02-23T10:30:13.165+0000] {logging_mixin.py:188} INFO - [2025-02-23T10:30:13.165+0000] {dagbag.py:545} INFO - Filling up the DagBag from /opt/airflow/dags/opentaxetl.py
[2025-02-23T10:30:13.514+0000] {processor.py:840} INFO - DAG(s) 'open_tax_etl' retrieved from /opt/airflow/dags/opentaxetl.py
[2025-02-23T10:30:13.548+0000] {logging_mixin.py:188} INFO - [2025-02-23T10:30:13.548+0000] {dag.py:3089} INFO - Sync 1 DAGs
[2025-02-23T10:30:13.584+0000] {logging_mixin.py:188} INFO - [2025-02-23T10:30:13.584+0000] {dag.py:3947} INFO - Setting next_dagrun for open_tax_etl to None, run_after=None
[2025-02-23T10:30:13.603+0000] {processor.py:183} INFO - Processing /opt/airflow/dags/opentaxetl.py took 0.486 seconds
[2025-02-23T10:30:43.941+0000] {processor.py:161} INFO - Started process (PID=473) to work on /opt/airflow/dags/opentaxetl.py
[2025-02-23T10:30:43.944+0000] {processor.py:830} INFO - Processing file /opt/airflow/dags/opentaxetl.py for tasks to queue
[2025-02-23T10:30:43.949+0000] {logging_mixin.py:188} INFO - [2025-02-23T10:30:43.949+0000] {dagbag.py:545} INFO - Filling up the DagBag from /opt/airflow/dags/opentaxetl.py
[2025-02-23T10:30:44.269+0000] {processor.py:840} INFO - DAG(s) 'open_tax_etl' retrieved from /opt/airflow/dags/opentaxetl.py
[2025-02-23T10:30:44.323+0000] {logging_mixin.py:188} INFO - [2025-02-23T10:30:44.323+0000] {dag.py:3089} INFO - Sync 1 DAGs
[2025-02-23T10:30:44.343+0000] {logging_mixin.py:188} INFO - [2025-02-23T10:30:44.342+0000] {dag.py:3947} INFO - Setting next_dagrun for open_tax_etl to None, run_after=None
[2025-02-23T10:30:44.517+0000] {processor.py:183} INFO - Processing /opt/airflow/dags/opentaxetl.py took 0.599 seconds
