[2025-02-23T11:34:55.187+0000] {local_task_job_runner.py:120} INFO - ::group::Pre task execution logs
[2025-02-23T11:34:55.227+0000] {taskinstance.py:2076} INFO - Dependencies all met for dep_context=non-requeueable deps ti=<TaskInstance: open_tax_etl.transform_task manual__2025-02-23T11:34:51.304291+00:00 [queued]>
[2025-02-23T11:34:55.236+0000] {taskinstance.py:2076} INFO - Dependencies all met for dep_context=requeueable deps ti=<TaskInstance: open_tax_etl.transform_task manual__2025-02-23T11:34:51.304291+00:00 [queued]>
[2025-02-23T11:34:55.237+0000] {taskinstance.py:2306} INFO - Starting attempt 1 of 1
[2025-02-23T11:34:55.260+0000] {taskinstance.py:2330} INFO - Executing <Task(PythonOperator): transform_task> on 2025-02-23 11:34:51.304291+00:00
[2025-02-23T11:34:55.285+0000] {logging_mixin.py:188} WARNING - /home/airflow/.local/lib/python3.12/site-packages/airflow/task/task_runner/standard_task_runner.py:62 DeprecationWarning: This process (pid=2112) is multi-threaded, use of fork() may lead to deadlocks in the child.
[2025-02-23T11:34:55.281+0000] {standard_task_runner.py:90} INFO - Running: ['airflow', 'tasks', 'run', 'open_tax_etl', 'transform_task', 'manual__2025-02-23T11:34:51.304291+00:00', '--job-id', '55', '--raw', '--subdir', 'DAGS_FOLDER/opentaxetl.py', '--cfg-path', '/tmp/tmp2bvo7ddd']
[2025-02-23T11:34:55.286+0000] {standard_task_runner.py:91} INFO - Job 55: Subtask transform_task
[2025-02-23T11:34:55.286+0000] {standard_task_runner.py:64} INFO - Started process 2114 to run task
[2025-02-23T11:34:55.354+0000] {task_command.py:426} INFO - Running <TaskInstance: open_tax_etl.transform_task manual__2025-02-23T11:34:51.304291+00:00 [running]> on host 2cf524a0af0b
[2025-02-23T11:34:55.740+0000] {taskinstance.py:2648} INFO - Exporting env vars: AIRFLOW_CTX_DAG_OWNER='airflow' AIRFLOW_CTX_DAG_ID='open_tax_etl' AIRFLOW_CTX_TASK_ID='transform_task' AIRFLOW_CTX_EXECUTION_DATE='2025-02-23T11:34:51.304291+00:00' AIRFLOW_CTX_TRY_NUMBER='1' AIRFLOW_CTX_DAG_RUN_ID='manual__2025-02-23T11:34:51.304291+00:00'
[2025-02-23T11:34:55.742+0000] {taskinstance.py:430} INFO - ::endgroup::
[2025-02-23T11:34:55.766+0000] {logging_mixin.py:188} INFO - Columns in DataFrame: Index(['transaction_id', 'user_id', 'amount', 'transaction_date'], dtype='object')
[2025-02-23T11:34:55.766+0000] {logging_mixin.py:188} INFO - First few rows of DataFrame:
[2025-02-23T11:34:55.772+0000] {logging_mixin.py:188} INFO -    transaction_id  user_id    amount transaction_date
0      TXN204793     1408       0.0       2024-11-07
1      TXN749110     1716       NaN       2024-06-28
2      TXN984574     1934       NaN       2024-09-15
3      TXN180036     1034  -3437.55       10/11/2024
4      TXN147245     1497       0.0       09/12/2024
[2025-02-23T11:34:55.797+0000] {python.py:237} INFO - Done. Returned value was: None
[2025-02-23T11:34:55.798+0000] {taskinstance.py:441} INFO - ::group::Post task execution logs
[2025-02-23T11:34:55.803+0000] {taskinstance.py:1206} INFO - Marking task as SUCCESS. dag_id=open_tax_etl, task_id=transform_task, run_id=manual__2025-02-23T11:34:51.304291+00:00, execution_date=20250223T113451, start_date=20250223T113455, end_date=20250223T113455
[2025-02-23T11:34:55.850+0000] {local_task_job_runner.py:243} INFO - Task exited with return code 0
[2025-02-23T11:34:55.879+0000] {taskinstance.py:3503} INFO - 1 downstream tasks scheduled from follow-on schedule check
[2025-02-23T11:34:55.882+0000] {local_task_job_runner.py:222} INFO - ::endgroup::
