[2025-02-21T20:29:07.091+0000] {manager.py:470} INFO - Processing files using up to 2 processes at a time 
[2025-02-21T20:29:07.092+0000] {manager.py:471} INFO - Process each file at most once every 30 seconds
[2025-02-21T20:29:07.093+0000] {manager.py:472} INFO - Checking for new files in /opt/airflow/dags every 300 seconds
[2025-02-21T20:29:07.093+0000] {manager.py:737} INFO - Searching for files in /opt/airflow/dags
[2025-02-21T20:29:07.096+0000] {manager.py:740} INFO - There are 0 files in /opt/airflow/dags
[2025-02-21T20:34:07.954+0000] {manager.py:737} INFO - Searching for files in /opt/airflow/dags
[2025-02-21T20:34:07.967+0000] {manager.py:740} INFO - There are 0 files in /opt/airflow/dags
[2025-02-21T20:40:00.658+0000] {manager.py:737} INFO - Searching for files in /opt/airflow/dags
[2025-02-21T20:40:00.666+0000] {manager.py:740} INFO - There are 0 files in /opt/airflow/dags
[2025-02-21T20:51:29.130+0000] {manager.py:737} INFO - Searching for files in /opt/airflow/dags
[2025-02-21T20:51:29.135+0000] {manager.py:740} INFO - There are 0 files in /opt/airflow/dags
[2025-02-21T20:54:59.632+0000] {manager.py:452} INFO - Exiting gracefully upon receiving signal 15
[2025-02-22T23:29:59.096+0000] {manager.py:470} INFO - Processing files using up to 2 processes at a time 
[2025-02-22T23:29:59.098+0000] {manager.py:471} INFO - Process each file at most once every 30 seconds
[2025-02-22T23:29:59.102+0000] {manager.py:472} INFO - Checking for new files in /opt/airflow/dags every 300 seconds
[2025-02-22T23:29:59.103+0000] {manager.py:737} INFO - Searching for files in /opt/airflow/dags
[2025-02-22T23:29:59.105+0000] {manager.py:740} INFO - There are 0 files in /opt/airflow/dags
[2025-02-22T23:34:59.642+0000] {manager.py:737} INFO - Searching for files in /opt/airflow/dags
[2025-02-22T23:34:59.669+0000] {manager.py:740} INFO - There are 0 files in /opt/airflow/dags
[2025-02-22T23:40:52.143+0000] {manager.py:737} INFO - Searching for files in /opt/airflow/dags
[2025-02-22T23:40:52.152+0000] {manager.py:740} INFO - There are 0 files in /opt/airflow/dags
[2025-02-22T23:45:52.856+0000] {manager.py:737} INFO - Searching for files in /opt/airflow/dags
[2025-02-22T23:45:52.918+0000] {manager.py:740} INFO - There are 0 files in /opt/airflow/dags
[2025-02-22T23:50:53.564+0000] {manager.py:737} INFO - Searching for files in /opt/airflow/dags
[2025-02-22T23:50:53.572+0000] {manager.py:740} INFO - There are 0 files in /opt/airflow/dags
[2025-02-22T23:55:54.199+0000] {manager.py:737} INFO - Searching for files in /opt/airflow/dags
[2025-02-22T23:55:54.208+0000] {manager.py:740} INFO - There are 0 files in /opt/airflow/dags
[2025-02-23T00:00:54.355+0000] {manager.py:737} INFO - Searching for files in /opt/airflow/dags
[2025-02-23T00:00:54.366+0000] {manager.py:740} INFO - There are 0 files in /opt/airflow/dags
[2025-02-23T00:05:54.574+0000] {manager.py:737} INFO - Searching for files in /opt/airflow/dags
[2025-02-23T00:05:54.582+0000] {manager.py:740} INFO - There are 0 files in /opt/airflow/dags
[2025-02-23T00:12:14.606+0000] {manager.py:737} INFO - Searching for files in /opt/airflow/dags
[2025-02-23T00:12:14.609+0000] {manager.py:740} INFO - There are 0 files in /opt/airflow/dags
[2025-02-23T00:17:15.318+0000] {manager.py:737} INFO - Searching for files in /opt/airflow/dags
[2025-02-23T00:17:15.324+0000] {manager.py:740} INFO - There are 0 files in /opt/airflow/dags
